<?xml version="1.0" encoding="UTF-8"?>
<!-- Generated by org.testng.reporters.JUnitXMLReporter -->
<testsuite ignored="0" hostname="LAPTOP-7EPIG7D5" failures="0" tests="2" name="Default test" time="0.095" errors="0" timestamp="2022-11-17T22:16:49 IST">
  <testcase classname="GrowTestClasses.FundAddToCart" name="@BeforeClass BeforClass" time="-1.668703609208E9">
    <failure type="org.testng.TestNGException" message="
Parameter &amp;apos;browser&amp;apos; is required by BeforeClass on method BeforClass but has not been marked @Optional or defined
in C:\Users\JIVAN\AppData\Local\Temp\testng-eclipse--993122645\testng-customsuite.xml">
      <![CDATA[org.testng.TestNGException: 
Parameter 'browser' is required by BeforeClass on method BeforClass but has not been marked @Optional or defined
in C:\Users\JIVAN\AppData\Local\Temp\testng-eclipse--993122645\testng-customsuite.xml
at org.testng.internal.Parameters.createParams(Parameters.java:270)
at org.testng.internal.Parameters.createParametersForMethod(Parameters.java:358)
at org.testng.internal.Parameters.createParameters(Parameters.java:700)
at org.testng.internal.Parameters.createConfigurationParameters(Parameters.java:168)
at org.testng.internal.ConfigInvoker.invokeConfigurations(ConfigInvoker.java:302)
at org.testng.internal.TestMethodWorker.invokeBeforeClassMethods(TestMethodWorker.java:176)
at org.testng.internal.TestMethodWorker.run(TestMethodWorker.java:122)
at java.base/java.util.ArrayList.forEach(ArrayList.java:1511)
at org.testng.TestRunner.privateRun(TestRunner.java:794)
at org.testng.TestRunner.run(TestRunner.java:596)
at org.testng.SuiteRunner.runTest(SuiteRunner.java:377)
at org.testng.SuiteRunner.runSequentially(SuiteRunner.java:371)
at org.testng.SuiteRunner.privateRun(SuiteRunner.java:332)
at org.testng.SuiteRunner.run(SuiteRunner.java:276)
at org.testng.SuiteRunnerWorker.runSuite(SuiteRunnerWorker.java:53)
at org.testng.SuiteRunnerWorker.run(SuiteRunnerWorker.java:96)
at org.testng.TestNG.runSuitesSequentially(TestNG.java:1212)
at org.testng.TestNG.runSuitesLocally(TestNG.java:1134)
at org.testng.TestNG.runSuites(TestNG.java:1063)
at org.testng.TestNG.run(TestNG.java:1031)
at org.testng.remote.AbstractRemoteTestNG.run(AbstractRemoteTestNG.java:115)
at org.testng.remote.RemoteTestNG.initAndRun(RemoteTestNG.java:251)
at org.testng.remote.RemoteTestNG.main(RemoteTestNG.java:77)
]]>
    </failure>
  </testcase> <!-- @BeforeClass BeforClass -->
  <testcase classname="GrowTestClasses.FundAddToCart" name="@BeforeMethod BeforMethod" time="-1.668703609251E9">
    <skipped/>
  </testcase> <!-- @BeforeMethod BeforMethod -->
  <testcase classname="GrowTestClasses.FundAddToCart" name="@AfterMethod afterMethod" time="-1.668703609261E9">
    <skipped/>
  </testcase> <!-- @AfterMethod afterMethod -->
  <testcase classname="GrowTestClasses.FundAddToCart" name="@BeforeMethod BeforMethod" time="-1.668703609264E9">
    <skipped/>
  </testcase> <!-- @BeforeMethod BeforMethod -->
  <testcase classname="GrowTestClasses.FundAddToCart" name="@AfterMethod afterMethod" time="-1.668703609269E9">
    <skipped/>
  </testcase> <!-- @AfterMethod afterMethod -->
  <testcase classname="GrowTestClasses.FundAddToCart" name="@AfterClass afterClass" time="-1.668703609271E9">
    <skipped/>
  </testcase> <!-- @AfterClass afterClass -->
  <testcase classname="GrowTestClasses.FundAddToCart" name="Cart" time="0.0">
    <skipped/>
  </testcase> <!-- Cart -->
  <testcase classname="GrowTestClasses.FundAddToCart" name="EditSIPdate" time="0.0">
    <skipped/>
  </testcase> <!-- EditSIPdate -->
</testsuite> <!-- Default test -->
